<?xml version="1.0" encoding="UTF-8"?>
<testng-results ignored="0" total="1" passed="1" failed="0" skipped="0">
  <reporter-output>
  </reporter-output>
  <suite started-at="2024-12-11T14:43:24 WIB" name="Suite TestNG x Selenium" finished-at="2024-12-11T14:43:27 WIB" duration-ms="3061">
    <groups>
    </groups>
    <test started-at="2024-12-11T14:43:24 WIB" name="Firt My Test" finished-at="2024-12-11T14:43:27 WIB" duration-ms="3061">
      <class name="LoginTest">
        <test-method is-config="true" signature="SetUp()[pri:0, instance:LoginTest@441772e]" started-at="2024-12-11T14:43:24 WIB" name="SetUp" finished-at="2024-12-11T14:43:27 WIB" duration-ms="2280" status="PASS">
          <reporter-output>
          </reporter-output>
        </test-method> <!-- SetUp -->
        <test-method signature="LoginTest()[pri:0, instance:LoginTest@441772e]" started-at="2024-12-11T14:43:27 WIB" name="LoginTest" finished-at="2024-12-11T14:43:27 WIB" duration-ms="398" status="PASS">
          <reporter-output>
          </reporter-output>
        </test-method> <!-- LoginTest -->
        <test-method is-config="true" signature="AfterLogin()[pri:0, instance:LoginTest@441772e]" started-at="2024-12-11T14:43:27 WIB" name="AfterLogin" finished-at="2024-12-11T14:43:27 WIB" duration-ms="334" status="PASS">
          <reporter-output>
          </reporter-output>
        </test-method> <!-- AfterLogin -->
      </class> <!-- LoginTest -->
    </test> <!-- Firt My Test -->
  </suite> <!-- Suite TestNG x Selenium -->
</testng-results>
